<?xml version="1.0" encoding="utf-8"?>
<!DOCTYPE coverage SYSTEM "http://cobertura.sourceforge.net/xml/coverage-04.dtd">
<coverage line-rate="0.21379310344827587" branch-rate="0.5" lines-covered="31" lines-valid="145" branches-covered="17" branches-valid="34" complexity="NaN" version="0" timestamp="1675759617">
  <sources />
  <packages>
    <package name="com/jc/core/arrays" line-rate="0" branch-rate="0" complexity="NaN">
      <classes>
        <class name="com/jc/core/arrays/ArrayVsArrayList" filename="ArrayVsArrayList.java" line-rate="1" branch-rate="1" complexity="NaN">
          <methods>
            <method name="&lt;init&gt;" signature="()" line-rate="1" branch-rate="1">
              <lines />
            </method>
            <method name="main" signature="([Ljava/lang/String;)" line-rate="1" branch-rate="1" complexity="NaN">
              <lines />
            </method>
          </methods>
          <lines />
        </class>
        <class name="com/jc/core/arrays/Program" filename="Program.java" line-rate="1" branch-rate="1" complexity="NaN">
          <methods>
            <method name="&lt;init&gt;" signature="()" line-rate="1" branch-rate="1">
              <lines />
            </method>
            <method name="main" signature="([Ljava/lang/String;)" line-rate="1" branch-rate="1" complexity="NaN">
              <lines />
            </method>
          </methods>
          <lines />
        </class>
      </classes>
    </package>
    <package name="com/jc/core/constructor" line-rate="0" branch-rate="1" complexity="NaN">
      <classes>
        <class name="com/jc/core/constructor/Dog" filename="Dog.java" line-rate="1" branch-rate="1" complexity="NaN">
          <methods>
            <method name="&lt;init&gt;" signature="()" line-rate="1" branch-rate="1">
              <lines />
            </method>
            <method name="&lt;init&gt;" signature="(I)" line-rate="1" branch-rate="1" complexity="NaN">
              <lines />
            </method>
            <method name="getNumberOfLegs" signature="()" line-rate="1" branch-rate="1">
              <lines />
            </method>
          </methods>
          <lines />
        </class>
        <class name="com/jc/core/constructor/Main" filename="Main.java" line-rate="1" branch-rate="1" complexity="NaN">
          <methods>
            <method name="&lt;init&gt;" signature="()" line-rate="1" branch-rate="1">
              <lines />
            </method>
            <method name="main" signature="([Ljava/lang/String;)" line-rate="1" branch-rate="1" complexity="NaN">
              <lines />
            </method>
          </methods>
          <lines />
        </class>
      </classes>
    </package>
    <package name="com/jc/core/getterAndSetter" line-rate="0.5909090909090909" branch-rate="1" complexity="NaN">
      <classes>
        <class name="com/jc/core/getterAndSetter/GetterAndSetter" filename="GetterAndSetter.java" line-rate="1" branch-rate="1" complexity="NaN">
          <methods>
            <method name="&lt;init&gt;" signature="()" line-rate="1" branch-rate="1">
              <lines />
            </method>
            <method name="getBalance" signature="()" line-rate="1" branch-rate="1">
              <lines />
            </method>
            <method name="setBalance" signature="(I)" line-rate="1" branch-rate="1" complexity="NaN">
              <lines />
            </method>
            <method name="deposit" signature="(I)" line-rate="1" branch-rate="1" complexity="NaN">
              <lines />
            </method>
            <method name="withdraw" signature="(I)" line-rate="1" branch-rate="1" complexity="NaN">
              <lines />
            </method>
          </methods>
          <lines />
        </class>
        <class name="com/jc/core/getterAndSetter/Main" filename="Main.java" line-rate="1" branch-rate="1" complexity="NaN">
          <methods>
            <method name="&lt;init&gt;" signature="()" line-rate="1" branch-rate="1">
              <lines />
            </method>
            <method name="main" signature="([Ljava/lang/String;)" line-rate="1" branch-rate="1" complexity="NaN">
              <lines />
            </method>
          </methods>
          <lines />
        </class>
      </classes>
    </package>
    <package name="com/jc/core/inheritance" line-rate="0" branch-rate="1" complexity="NaN">
      <classes>
        <class name="com/jc/core/inheritance/MainAnimal" filename="MainAnimal.java" line-rate="1" branch-rate="1" complexity="NaN">
          <methods>
            <method name="&lt;init&gt;" signature="()" line-rate="1" branch-rate="1">
              <lines />
            </method>
            <method name="main" signature="([Ljava/lang/String;)" line-rate="1" branch-rate="1" complexity="NaN">
              <lines />
            </method>
          </methods>
          <lines />
        </class>
      </classes>
    </package>
    <package name="com/jc/core/inheritance/animal" line-rate="0" branch-rate="1" complexity="NaN">
      <classes>
        <class name="com/jc/core/inheritance/animal/Animal" filename="Animal.java" line-rate="1" branch-rate="1" complexity="NaN">
          <methods>
            <method name="&lt;init&gt;" signature="()" line-rate="1" branch-rate="1">
              <lines />
            </method>
            <method name="setLook" signature="(Ljava/lang/String;)" line-rate="1" branch-rate="1" complexity="NaN">
              <lines />
            </method>
            <method name="getLook" signature="()" line-rate="1" branch-rate="1">
              <lines />
            </method>
            <method name="getName" signature="()" line-rate="1" branch-rate="1">
              <lines />
            </method>
            <method name="setName" signature="(Ljava/lang/String;)" line-rate="1" branch-rate="1" complexity="NaN">
              <lines />
            </method>
            <method name="getColor" signature="()" line-rate="1" branch-rate="1">
              <lines />
            </method>
            <method name="setColor" signature="(Ljava/lang/String;)" line-rate="1" branch-rate="1" complexity="NaN">
              <lines />
            </method>
            <method name="makeSound" signature="()" line-rate="1" branch-rate="1">
              <lines />
            </method>
          </methods>
          <lines />
        </class>
        <class name="com/jc/core/inheritance/animal/Dog" filename="Dog.java" line-rate="1" branch-rate="1" complexity="NaN">
          <methods>
            <method name="&lt;init&gt;" signature="()" line-rate="1" branch-rate="1">
              <lines />
            </method>
            <method name="makeSound" signature="()" line-rate="1" branch-rate="1">
              <lines />
            </method>
          </methods>
          <lines />
        </class>
      </classes>
    </package>
    <package name="com/jc/core/packageone" line-rate="0" branch-rate="1" complexity="NaN">
      <classes>
        <class name="com/jc/core/packageone/Main" filename="Main.java" line-rate="1" branch-rate="1" complexity="NaN">
          <methods>
            <method name="&lt;init&gt;" signature="()" line-rate="1" branch-rate="1">
              <lines />
            </method>
            <method name="main" signature="([Ljava/lang/String;)" line-rate="1" branch-rate="1" complexity="NaN">
              <lines />
            </method>
          </methods>
          <lines />
        </class>
        <class name="com/jc/core/packageone/PackageOne" filename="PackageOne.java" line-rate="1" branch-rate="1" complexity="NaN">
          <methods>
            <method name="&lt;init&gt;" signature="()" line-rate="1" branch-rate="1">
              <lines />
            </method>
            <method name="noAccessModifierPackageOne" signature="()" line-rate="1" branch-rate="1">
              <lines />
            </method>
            <method name="publicAccessModifierPackageOne" signature="()" line-rate="1" branch-rate="1">
              <lines />
            </method>
          </methods>
          <lines />
        </class>
      </classes>
    </package>
    <package name="com/jc/core/packagetwo" line-rate="0" branch-rate="1" complexity="NaN">
      <classes>
        <class name="com/jc/core/packagetwo/Main" filename="Main.java" line-rate="1" branch-rate="1" complexity="NaN">
          <methods>
            <method name="&lt;init&gt;" signature="()" line-rate="1" branch-rate="1">
              <lines />
            </method>
            <method name="main" signature="([Ljava/lang/String;)" line-rate="1" branch-rate="1" complexity="NaN">
              <lines />
            </method>
          </methods>
          <lines />
        </class>
      </classes>
    </package>
    <package name="com/jc/fraz" line-rate="0.8571428571428571" branch-rate="0.75" complexity="NaN">
      <classes>
        <class name="com/jc/fraz/Factorial" filename="Factorial.java" line-rate="1" branch-rate="1" complexity="NaN">
          <methods>
            <method name="&lt;init&gt;" signature="()" line-rate="1" branch-rate="1">
              <lines />
            </method>
            <method name="find" signature="(I)" line-rate="1" branch-rate="1" complexity="NaN">
              <lines />
            </method>
          </methods>
          <lines />
        </class>
      </classes>
    </package>
    <package name="com/jc/udemy/numbers" line-rate="0.6666666666666666" branch-rate="0.6666666666666666" complexity="NaN">
      <classes>
        <class name="com/jc/udemy/numbers/BiggerAndSmaller" filename="BiggerAndSmaller.java" line-rate="1" branch-rate="1" complexity="NaN">
          <methods>
            <method name="&lt;init&gt;" signature="()" line-rate="1" branch-rate="1">
              <lines />
            </method>
            <method name="getBigger" signature="()" line-rate="1" branch-rate="1">
              <lines />
            </method>
            <method name="getSmaller" signature="()" line-rate="1" branch-rate="1">
              <lines />
            </method>
            <method name="isEmptyArray" signature="()" line-rate="1" branch-rate="1">
              <lines />
            </method>
            <method name="find" signature="([I)" line-rate="1" branch-rate="1" complexity="NaN">
              <lines />
            </method>
          </methods>
          <lines />
        </class>
        <class name="com/jc/udemy/numbers/Program" filename="Program.java" line-rate="1" branch-rate="1" complexity="NaN">
          <methods>
            <method name="&lt;init&gt;" signature="()" line-rate="1" branch-rate="1">
              <lines />
            </method>
            <method name="main" signature="([Ljava/lang/String;)" line-rate="1" branch-rate="1" complexity="NaN">
              <lines />
            </method>
          </methods>
          <lines />
        </class>
      </classes>
    </package>
  </packages>
</coverage>